[debug] [2023-09-26T05:51:21.085Z] ----------------------------------------------------------------------
[debug] [2023-09-26T05:51:21.091Z] Command:       C:\Program Files\nodejs\node.exe C:\Users\Moknine\AppData\Roaming\npm\node_modules\firebase-tools\lib\bin\firebase.js init
[debug] [2023-09-26T05:51:21.092Z] CLI Version:   12.5.4
[debug] [2023-09-26T05:51:21.093Z] Platform:      win32
[debug] [2023-09-26T05:51:21.093Z] Node Version:  v16.14.2
[debug] [2023-09-26T05:51:21.095Z] Time:          Mon Sep 25 2023 17:51:21 GMT-1200 (GMT-12:00)
[debug] [2023-09-26T05:51:21.096Z] ----------------------------------------------------------------------
[debug] 
[debug] [2023-09-26T05:51:21.105Z] >>> [apiv2][query] GET https://firebase-public.firebaseio.com/cli.json [none]
[debug] [2023-09-26T05:51:21.153Z] > command requires scopes: ["email","openid","https://www.googleapis.com/auth/cloudplatformprojects.readonly","https://www.googleapis.com/auth/firebase","https://www.googleapis.com/auth/cloud-platform"]
[debug] [2023-09-26T05:51:21.154Z] > authorizing via signed-in user (mokninemoknine999@gmail.com)
[info] 
     ######## #### ########  ######## ########     ###     ######  ########
     ##        ##  ##     ## ##       ##     ##  ##   ##  ##       ##
     ######    ##  ########  ######   ########  #########  ######  ######
     ##        ##  ##    ##  ##       ##     ## ##     ##       ## ##
     ##       #### ##     ## ######## ########  ##     ##  ######  ########

You're about to initialize a Firebase project in this directory:

  C:\Users\Moknine\Desktop\Projectss\React__Start\React__app__nor\Firebase_______\expense_tracker

[debug] [2023-09-26T05:51:21.686Z] <<< [apiv2][status] GET https://firebase-public.firebaseio.com/cli.json 200
[debug] [2023-09-26T05:51:21.687Z] <<< [apiv2][body] GET https://firebase-public.firebaseio.com/cli.json {"cloudBuildErrorAfter":1594252800000,"cloudBuildWarnAfter":1590019200000,"defaultNode10After":1594252800000,"minVersion":"3.0.5","node8DeploysDisabledAfter":1613390400000,"node8RuntimeDisabledAfter":1615809600000,"node8WarnAfter":1600128000000}
